<?xml version="1.0" encoding="UTF-8"?>
<testsuite xmlns:xsi="http://www.w3.org/2001/XMLSchema-instance" xsi:noNamespaceSchemaLocation="https://maven.apache.org/surefire/maven-surefire-plugin/xsd/surefire-test-report-3.0.xsd" version="3.0" name="com.google.Part2Test" time="0.188" tests="20" errors="0" skipped="0" failures="20">
  <properties>
[...]
</properties>
  <testcase name="showPlaylistAfterRemoveAVideoFromPlaylistThenReAdd" classname="com.google.Part2Test" time="0.008">
    <failure type="org.opentest4j.AssertionFailedError"><![CDATA[org.opentest4j.AssertionFailedError: 
createPlaylist needs implementation
addVideoToPlaylist needs implementation
addVideoToPlaylist needs implementation
removeFromPlaylist needs implementation
addVideoToPlaylist needs implementation
showPlaylist needs implementation
 ==> expected: <8> but was: <6>
	at com.google.Part2Test.showPlaylistAfterRemoveAVideoFromPlaylistThenReAdd(Part2Test.java:131)
]]></failure>
  </testcase>
  <testcase name="testDeletePlaylist" classname="com.google.Part2Test" time="0.006">
    <failure type="java.lang.AssertionError"><![CDATA[java.lang.AssertionError: 

Expected: a string containing "Successfully created new playlist: my_playlist"
     but: was "createPlaylist needs implementation"
	at com.google.Part2Test.testDeletePlaylist(Part2Test.java:236)
]]></failure>
  </testcase>
  <testcase name="testClearPlaylist" classname="com.google.Part2Test" time="0.017">
    <failure type="org.opentest4j.AssertionFailedError"><![CDATA[org.opentest4j.AssertionFailedError: 
createPlaylist needs implementation
addVideoToPlaylist needs implementation
showPlaylist needs implementation
clearPlaylist needs implementation
showPlaylist needs implementation
 ==> expected: <7> but was: <5>
	at com.google.Part2Test.testClearPlaylist(Part2Test.java:208)
]]></failure>
  </testcase>
  <testcase name="testClearPlaylistNonexistent" classname="com.google.Part2Test" time="0.008">
    <failure type="java.lang.AssertionError"><![CDATA[java.lang.AssertionError: 

Expected: a string containing "Cannot clear playlist my_PLAYlist: Playlist does not exist"
     but: was "clearPlaylist needs implementation
"
	at com.google.Part2Test.testClearPlaylistNonexistent(Part2Test.java:225)
]]></failure>
  </testcase>
  <testcase name="testShowAllPlaylistsNoPlaylistsExist" classname="com.google.Part2Test" time="0.03">
    <failure type="java.lang.AssertionError"><![CDATA[java.lang.AssertionError: 

Expected: a string containing "No playlists exist yet"
     but: was "showAllPlaylists needs implementation
"
	at com.google.Part2Test.testShowAllPlaylistsNoPlaylistsExist(Part2Test.java:86)
]]></failure>
  </testcase>
  <testcase name="testAddVideoToPlaylistNonExistentVideo" classname="com.google.Part2Test" time="0.01">
    <failure type="java.lang.AssertionError"><![CDATA[java.lang.AssertionError: 

Expected: a string containing "Successfully created new playlist: my_playlist"
     but: was "createPlaylist needs implementation"
	at com.google.Part2Test.testAddVideoToPlaylistNonExistentVideo(Part2Test.java:60)
]]></failure>
  </testcase>
  <testcase name="testRemoveFromPlaylistNonexistentVideo" classname="com.google.Part2Test" time="0.004">
    <failure type="java.lang.AssertionError"><![CDATA[java.lang.AssertionError: 

Expected: a string containing "Successfully created new playlist: my_playlist"
     but: was "createPlaylist needs implementation"
	at com.google.Part2Test.testRemoveFromPlaylistNonexistentVideo(Part2Test.java:184)
]]></failure>
  </testcase>
  <testcase name="testAddToPlaylist" classname="com.google.Part2Test" time="0.004">
    <failure type="java.lang.AssertionError"><![CDATA[java.lang.AssertionError: 

Expected: a string containing "Successfully created new playlist: my_playlist"
     but: was "createPlaylist needs implementation
addVideoToPlaylist needs implementation
"
	at com.google.Part2Test.testAddToPlaylist(Part2Test.java:34)
]]></failure>
  </testcase>
  <testcase name="testAddVideoToPlaylistNonExistent" classname="com.google.Part2Test" time="0.005">
    <failure type="java.lang.AssertionError"><![CDATA[java.lang.AssertionError: 

Expected: a string containing "Cannot add video to another_playlist: Playlist does not exist"
     but: was "addVideoToPlaylist needs implementation
"
	at com.google.Part2Test.testAddVideoToPlaylistNonExistent(Part2Test.java:70)
]]></failure>
  </testcase>
  <testcase name="testRemoveFromPlaylist" classname="com.google.Part2Test" time="0.006">
    <failure type="java.lang.AssertionError"><![CDATA[java.lang.AssertionError: 

Expected: a string containing "Successfully created new playlist: my_PLAYlist"
     but: was "createPlaylist needs implementation"
	at com.google.Part2Test.testRemoveFromPlaylist(Part2Test.java:156)
]]></failure>
  </testcase>
  <testcase name="testAddToPlaylistAlreadyAdded" classname="com.google.Part2Test" time="0.006">
    <failure type="java.lang.AssertionError"><![CDATA[java.lang.AssertionError: 

Expected: a string containing "Successfully created new playlist: my_playlist"
     but: was "createPlaylist needs implementation"
	at com.google.Part2Test.testAddToPlaylistAlreadyAdded(Part2Test.java:47)
]]></failure>
  </testcase>
  <testcase name="testCreateExistingPlaylist" classname="com.google.Part2Test" time="0.005">
    <failure type="java.lang.AssertionError"><![CDATA[java.lang.AssertionError: 

Expected: a string containing "Successfully created new playlist: my_playlist"
     but: was "createPlaylist needs implementation"
	at com.google.Part2Test.testCreateExistingPlaylist(Part2Test.java:24)
]]></failure>
  </testcase>
  <testcase name="testShowPlaylistNonExistent" classname="com.google.Part2Test" time="0.005">
    <failure type="java.lang.AssertionError"><![CDATA[java.lang.AssertionError: 

Expected: a string containing "Cannot show playlist my_playlist: Playlist does not exist"
     but: was "showPlaylist needs implementation
"
	at com.google.Part2Test.testShowPlaylistNonExistent(Part2Test.java:143)
]]></failure>
  </testcase>
  <testcase name="testRemoveFromPlaylistVideoNotInPlaylist" classname="com.google.Part2Test" time="0.004">
    <failure type="java.lang.AssertionError"><![CDATA[java.lang.AssertionError: 

Expected: a string containing "Cannot remove video from my_playlist: Video is not in playlist"
     but: was "removeFromPlaylist needs implementation"
	at com.google.Part2Test.testRemoveFromPlaylistVideoNotInPlaylist(Part2Test.java:172)
]]></failure>
  </testcase>
  <testcase name="testShowAllPlaylists" classname="com.google.Part2Test" time="0.004">
    <failure type="org.opentest4j.AssertionFailedError"><![CDATA[org.opentest4j.AssertionFailedError: 
createPlaylist needs implementation
createPlaylist needs implementation
showAllPlaylists needs implementation
 ==> expected: <5> but was: <3>
	at com.google.Part2Test.testShowAllPlaylists(Part2Test.java:96)
]]></failure>
  </testcase>
  <testcase name="testAddVideoToPlaylistNoVideoNoPlaylist" classname="com.google.Part2Test" time="0.004">
    <failure type="java.lang.AssertionError"><![CDATA[java.lang.AssertionError: 

Expected: a string containing "Cannot add video to another_playlist: Playlist does not exist"
     but: was "addVideoToPlaylist needs implementation
"
	at com.google.Part2Test.testAddVideoToPlaylistNoVideoNoPlaylist(Part2Test.java:78)
]]></failure>
  </testcase>
  <testcase name="testCreatePlaylist" classname="com.google.Part2Test" time="0.004">
    <failure type="java.lang.AssertionError"><![CDATA[java.lang.AssertionError: 

Expected: a string containing "Successfully created new playlist: my_PLAYlist"
     but: was "createPlaylist needs implementation
"
	at com.google.Part2Test.testCreatePlaylist(Part2Test.java:14)
]]></failure>
  </testcase>
  <testcase name="testDeletePlaylistNonexistent" classname="com.google.Part2Test" time="0.003">
    <failure type="java.lang.AssertionError"><![CDATA[java.lang.AssertionError: 

Expected: a string containing "Cannot delete playlist my_playlist: Playlist does not exist"
     but: was "deletePlaylist needs implementation
"
	at com.google.Part2Test.testDeletePlaylistNonexistent(Part2Test.java:245)
]]></failure>
  </testcase>
  <testcase name="testRemoveFromPlaylistNonexistentPlaylist" classname="com.google.Part2Test" time="0.003">
    <failure type="java.lang.AssertionError"><![CDATA[java.lang.AssertionError: 

Expected: a string containing "Cannot remove video from my_cool_playlist: Playlist does not exist"
     but: was "removeFromPlaylist needs implementation
"
	at com.google.Part2Test.testRemoveFromPlaylistNonexistentPlaylist(Part2Test.java:195)
]]></failure>
  </testcase>
  <testcase name="testShowPlaylist" classname="com.google.Part2Test" time="0.004">
    <failure type="org.opentest4j.AssertionFailedError"><![CDATA[org.opentest4j.AssertionFailedError: 
createPlaylist needs implementation
showPlaylist needs implementation
addVideoToPlaylist needs implementation
showPlaylist needs implementation
 ==> expected: <6> but was: <4>
	at com.google.Part2Test.testShowPlaylist(Part2Test.java:110)
]]></failure>
  </testcase>
</testsuite>