<?xml version="1.0" encoding="UTF-8"?>
<testsuite xmlns:xsi="http://www.w3.org/2001/XMLSchema-instance" xsi:noNamespaceSchemaLocation="https://maven.apache.org/surefire/maven-surefire-plugin/xsd/surefire-test-report-3.0.xsd" version="3.0" name="com.google.Part3Test" time="0.055" tests="9" errors="0" skipped="0" failures="9">
  <properties>
[...]
</properties>
  <testcase name="testSearchVideosNoResults" classname="com.google.Part3Test" time="0.005">
    <failure type="java.lang.AssertionError"><![CDATA[java.lang.AssertionError: 

Expected: a string containing "No search results for blah"
     but: was "searchVideos needs implementation
"
	at com.google.Part3Test.testSearchVideosNoResults(Part3Test.java:92)
]]></failure>
  </testcase>
  <testcase name="testSearchVideosWithNoAnswer" classname="com.google.Part3Test" time="0.01">
    <failure type="org.opentest4j.AssertionFailedError"><![CDATA[org.opentest4j.AssertionFailedError: 
searchVideos needs implementation
 ==> expected: <5> but was: <1>
	at com.google.Part3Test.testSearchVideosWithNoAnswer(Part3Test.java:19)
]]></failure>
  </testcase>
  <testcase name="testSearchVideosWithTagAnswerOutOfBounds" classname="com.google.Part3Test" time="0.003">
    <failure type="org.opentest4j.AssertionFailedError"><![CDATA[org.opentest4j.AssertionFailedError: 
searchVideosWithTag needs implementation
 ==> expected: <5> but was: <1>
	at com.google.Part3Test.testSearchVideosWithTagAnswerOutOfBounds(Part3Test.java:140)
]]></failure>
  </testcase>
  <testcase name="testSearchVideosAndPlayAnswer" classname="com.google.Part3Test" time="0.005">
    <failure type="org.opentest4j.AssertionFailedError"><![CDATA[org.opentest4j.AssertionFailedError: 
searchVideos needs implementation
 ==> expected: <6> but was: <1>
	at com.google.Part3Test.testSearchVideosAndPlayAnswer(Part3Test.java:38)
]]></failure>
  </testcase>
  <testcase name="testSearchVideosWithTagPlayAnswer" classname="com.google.Part3Test" time="0.003">
    <failure type="org.opentest4j.AssertionFailedError"><![CDATA[org.opentest4j.AssertionFailedError: 
searchVideosWithTag needs implementation
 ==> expected: <6> but was: <1>
	at com.google.Part3Test.testSearchVideosWithTagPlayAnswer(Part3Test.java:121)
]]></failure>
  </testcase>
  <testcase name="testSearchVideosInvalidNumber" classname="com.google.Part3Test" time="0.003">
    <failure type="org.opentest4j.AssertionFailedError"><![CDATA[org.opentest4j.AssertionFailedError: 
searchVideos needs implementation
 ==> expected: <5> but was: <1>
	at com.google.Part3Test.testSearchVideosInvalidNumber(Part3Test.java:76)
]]></failure>
  </testcase>
  <testcase name="testSearchVideosWithTagNoResults" classname="com.google.Part3Test" time="0.004">
    <failure type="java.lang.AssertionError"><![CDATA[java.lang.AssertionError: 

Expected: a string containing "No search results for #blah"
     but: was "searchVideosWithTag needs implementation
"
	at com.google.Part3Test.testSearchVideosWithTagNoResults(Part3Test.java:156)
]]></failure>
  </testcase>
  <testcase name="testSearchVideosWithTagNoAnswer" classname="com.google.Part3Test" time="0.004">
    <failure type="org.opentest4j.AssertionFailedError"><![CDATA[org.opentest4j.AssertionFailedError: 
searchVideosWithTag needs implementation
 ==> expected: <5> but was: <1>
	at com.google.Part3Test.testSearchVideosWithTagNoAnswer(Part3Test.java:102)
]]></failure>
  </testcase>
  <testcase name="testSearchVideosAnswerOutOfBounds" classname="com.google.Part3Test" time="0.003">
    <failure type="org.opentest4j.AssertionFailedError"><![CDATA[org.opentest4j.AssertionFailedError: 
searchVideos needs implementation
 ==> expected: <5> but was: <1>
	at com.google.Part3Test.testSearchVideosAnswerOutOfBounds(Part3Test.java:57)
]]></failure>
  </testcase>
</testsuite>