<?xml version="1.0" encoding="UTF-8"?>
<testsuite xmlns:xsi="http://www.w3.org/2001/XMLSchema-instance" xsi:noNamespaceSchemaLocation="https://maven.apache.org/surefire/maven-surefire-plugin/xsd/surefire-test-report-3.0.xsd" version="3.0" name="com.google.Part1Test" time="0.197" tests="21" errors="0" skipped="0" failures="20">
  <properties>
[...]
</properties>
  <testcase name="testStopVideo" classname="com.google.Part1Test" time="0.048">
    <failure type="java.lang.AssertionError"><![CDATA[java.lang.AssertionError: 

Expected: a string containing "Playing video: Amazing Cats"
     but: was "playVideo needs implementation"
	at com.google.Part1Test.testStopVideo(Part1Test.java:88)
]]></failure>
  </testcase>
  <testcase name="testPauseAlreadyPausedVideo" classname="com.google.Part1Test" time="0.004">
    <failure type="java.lang.AssertionError"><![CDATA[java.lang.AssertionError: 

Expected: a string containing "Playing video: Amazing Cats"
     but: was "playVideo needs implementation"
	at com.google.Part1Test.testPauseAlreadyPausedVideo(Part1Test.java:201)
]]></failure>
  </testcase>
  <testcase name="testPlayRandomVideoStopsPreviousVideo" classname="com.google.Part1Test" time="0.007">
    <failure type="org.opentest4j.AssertionFailedError"><![CDATA[org.opentest4j.AssertionFailedError: 
playVideo needs implementation
playRandomVideo needs implementation
 ==> expected: <3> but was: <2>
	at com.google.Part1Test.testPlayRandomVideoStopsPreviousVideo(Part1Test.java:127)
]]></failure>
  </testcase>
  <testcase name="testPlayVideo" classname="com.google.Part1Test" time="0.006">
    <failure type="java.lang.AssertionError"><![CDATA[java.lang.AssertionError: 

Expected: a string containing "Playing video: Amazing Cats"
     but: was "playVideo needs implementation
"
	at com.google.Part1Test.testPlayVideo(Part1Test.java:48)
]]></failure>
  </testcase>
  <testcase name="testPlayRandomVideo" classname="com.google.Part1Test" time="0.006">
    <failure type="java.lang.AssertionError"><![CDATA[java.lang.AssertionError: 

Expected: a string matching the pattern 'Playing video: (Amazing Cats|Another Cat Video|Funny Dogs|Life at Google|Video about nothing).*'
     but: was "playRandomVideo needs implementation\r\n"
	at com.google.Part1Test.testPlayRandomVideo(Part1Test.java:118)
]]></failure>
  </testcase>
  <testcase name="testStopVideoTwice" classname="com.google.Part1Test" time="0.004">
    <failure type="java.lang.AssertionError"><![CDATA[java.lang.AssertionError: 

Expected: a string containing "Playing video: Amazing Cats"
     but: was "playVideo needs implementation"
	at com.google.Part1Test.testStopVideoTwice(Part1Test.java:100)
]]></failure>
  </testcase>
  <testcase name="testPlayVideoStopPrevious" classname="com.google.Part1Test" time="0.004">
    <failure type="org.opentest4j.AssertionFailedError"><![CDATA[org.opentest4j.AssertionFailedError: 
playVideo needs implementation
playVideo needs implementation
 ==> expected: <3> but was: <2>
	at com.google.Part1Test.testPlayVideoStopPrevious(Part1Test.java:64)
]]></failure>
  </testcase>
  <testcase name="testPauseVideo" classname="com.google.Part1Test" time="0.004">
    <failure type="java.lang.AssertionError"><![CDATA[java.lang.AssertionError: 

Expected: a string containing "Playing video: Amazing Cats"
     but: was "playVideo needs implementation"
	at com.google.Part1Test.testPauseVideo(Part1Test.java:159)
]]></failure>
  </testcase>
  <testcase name="testShowPlaying" classname="com.google.Part1Test" time="0.004">
    <failure type="java.lang.AssertionError"><![CDATA[java.lang.AssertionError: 

Expected: a string containing "Playing video: Amazing Cats"
     but: was "playVideo needs implementation"
	at com.google.Part1Test.testShowPlaying(Part1Test.java:140)
]]></failure>
  </testcase>
  <testcase name="testContinueVideoNothingPlaying" classname="com.google.Part1Test" time="0.004">
    <failure type="java.lang.AssertionError"><![CDATA[java.lang.AssertionError: 

Expected: a string containing "Cannot continue video: No video is currently playing"
     but: was "continueVideo needs implementation
"
	at com.google.Part1Test.testContinueVideoNothingPlaying(Part1Test.java:242)
]]></failure>
  </testcase>
  <testcase name="testContinueVideo" classname="com.google.Part1Test" time="0.003">
    <failure type="java.lang.AssertionError"><![CDATA[java.lang.AssertionError: 

Expected: a string containing "Playing video: Amazing Cats"
     but: was "playVideo needs implementation"
	at com.google.Part1Test.testContinueVideo(Part1Test.java:222)
]]></failure>
  </testcase>
  <testcase name="testPlayVideoDontStopPreviousIfNonExistent" classname="com.google.Part1Test" time="0.005">
    <failure type="java.lang.AssertionError"><![CDATA[java.lang.AssertionError: 

Expected: a string containing "Cannot play video: Video does not exist"
     but: was "playVideo needs implementation"
	at com.google.Part1Test.testPlayVideoDontStopPreviousIfNonExistent(Part1Test.java:78)
]]></failure>
  </testcase>
  <testcase name="testPauseVideoShowVideo" classname="com.google.Part1Test" time="0.003">
    <failure type="java.lang.AssertionError"><![CDATA[java.lang.AssertionError: 

Expected: a string containing "Playing video: Amazing Cats"
     but: was "playVideo needs implementation"
	at com.google.Part1Test.testPauseVideoShowVideo(Part1Test.java:171)
]]></failure>
  </testcase>
  <testcase name="testPauseVideoPlayVideo" classname="com.google.Part1Test" time="0.005">
    <failure type="org.opentest4j.AssertionFailedError"><![CDATA[org.opentest4j.AssertionFailedError: 
playVideo needs implementation
pauseVideo needs implementation
playVideo needs implementation
showPlaying needs implementation
 ==> expected: <5> but was: <4>
	at com.google.Part1Test.testPauseVideoPlayVideo(Part1Test.java:185)
]]></failure>
  </testcase>
  <testcase name="testContinueVideoNotPaused" classname="com.google.Part1Test" time="0.005">
    <failure type="java.lang.AssertionError"><![CDATA[java.lang.AssertionError: 

Expected: a string containing "Cannot continue video: Video is not paused"
     but: was "continueVideo needs implementation"
	at com.google.Part1Test.testContinueVideoNotPaused(Part1Test.java:234)
]]></failure>
  </testcase>
  <testcase name="testPlayVideoNonExistent" classname="com.google.Part1Test" time="0.007">
    <failure type="java.lang.AssertionError"><![CDATA[java.lang.AssertionError: 

Expected: a string containing "Cannot play video: Video does not exist"
     but: was "playVideo needs implementation
"
	at com.google.Part1Test.testPlayVideoNonExistent(Part1Test.java:55)
]]></failure>
  </testcase>
  <testcase name="testNumberOfVideos" classname="com.google.Part1Test" time="0.006"/>
  <testcase name="testShowAllVideos" classname="com.google.Part1Test" time="0.005">
    <failure type="org.opentest4j.AssertionFailedError"><![CDATA[org.opentest4j.AssertionFailedError: 
showAllVideos needs implementation
 ==> expected: <6> but was: <1>
	at com.google.Part1Test.testShowAllVideos(Part1Test.java:30)
]]></failure>
  </testcase>
  <testcase name="testPauseVideoNothingPlaying" classname="com.google.Part1Test" time="0.004">
    <failure type="java.lang.AssertionError"><![CDATA[java.lang.AssertionError: 

Expected: a string containing "Cannot pause video: No video is currently playing"
     but: was "pauseVideo needs implementation
"
	at com.google.Part1Test.testPauseVideoNothingPlaying(Part1Test.java:210)
]]></failure>
  </testcase>
  <testcase name="testShowNothingPlaying" classname="com.google.Part1Test" time="0.004">
    <failure type="java.lang.AssertionError"><![CDATA[java.lang.AssertionError: 

Expected: a string containing "No video is currently playing"
     but: was "showPlaying needs implementation
"
	at com.google.Part1Test.testShowNothingPlaying(Part1Test.java:149)
]]></failure>
  </testcase>
  <testcase name="testStopVideoNothingPlaying" classname="com.google.Part1Test" time="0.005">
    <failure type="java.lang.AssertionError"><![CDATA[java.lang.AssertionError: 

Expected: a string containing "Cannot stop video: No video is currently playing"
     but: was "stopVideo needs implementation
"
	at com.google.Part1Test.testStopVideoNothingPlaying(Part1Test.java:110)
]]></failure>
  </testcase>
</testsuite>